<?xml version="1.0" encoding="UTF-8"?>
<!-- Generated by org.testng.reporters.JUnitXMLReporter -->
<testsuite ignored="0" hostname="ramandeep-L" failures="0" tests="2" name="Default test" time="29.809" errors="0" timestamp="03 Apr 2019 13:25:41 GMT">
  <testcase classname="UI_auto.DashboardPageTest" name="navigateToLoginPageAndSelectDate" time="28.297"/>
  <testcase classname="UI_auto.DashboardPageTest" name="navigateToMaliciousPageAndCheckEntityListing" time="0.027"/>
</testsuite> <!-- Default test -->
