<?xml version="1.0" encoding="UTF-8"?>
<!-- Generated by org.testng.reporters.JUnitXMLReporter -->
<testsuite hostname="ramandeep-L" name="Test" tests="4" failures="0" timestamp="5 Apr 2019 12:28:25 GMT" time="138.021" errors="0">
  <testcase name="navigateToLoginPageAndSelectDate" time="29.982" classname="UI_auto.DashboardPageTest"/>
  <testcase name="getMalSuspAutoCorrCount" time="31.676" classname="UI_auto.DashboardPageTest"/>
  <testcase name="navigateToMaliciousPageAndCheckEntityListing" time="35.19" classname="UI_auto.DashboardPageTest"/>
  <testcase name="navigateToSuspiciousPageAndCheckEntityListing" time="36.889" classname="UI_auto.DashboardPageTest"/>
</testsuite> <!-- Test -->
