<?xml version="1.0" encoding="UTF-8"?>
<testng-results ignored="0" total="2" passed="2" failed="0" skipped="0">
  <reporter-output>
  </reporter-output>
  <suite started-at="2019-04-03T13:25:11Z" name="Default suite" finished-at="2019-04-03T13:25:41Z" duration-ms="29809">
    <groups>
    </groups>
    <test started-at="2019-04-03T13:25:11Z" name="Default test" finished-at="2019-04-03T13:25:41Z" duration-ms="29809">
      <class name="UI_auto.DashboardPageTest">
        <test-method is-config="true" signature="openBrowser()[pri:0, instance:UI_auto.DashboardPageTest@b7838a9]" started-at="2019-04-03T13:25:11Z" name="openBrowser" finished-at="2019-04-03T13:25:12Z" duration-ms="1385" status="PASS">
          <reporter-output>
          </reporter-output>
        </test-method> <!-- openBrowser -->
        <test-method signature="navigateToLoginPageAndSelectDate()[pri:1, instance:UI_auto.DashboardPageTest@b7838a9]" started-at="2019-04-03T13:25:12Z" name="navigateToLoginPageAndSelectDate" finished-at="2019-04-03T13:25:41Z" duration-ms="28297" status="PASS">
          <reporter-output>
          </reporter-output>
        </test-method> <!-- navigateToLoginPageAndSelectDate -->
        <test-method signature="navigateToMaliciousPageAndCheckEntityListing()[pri:2, instance:UI_auto.DashboardPageTest@b7838a9]" started-at="2019-04-03T13:25:41Z" name="navigateToMaliciousPageAndCheckEntityListing" finished-at="2019-04-03T13:25:41Z" duration-ms="27" status="PASS">
          <reporter-output>
          </reporter-output>
        </test-method> <!-- navigateToMaliciousPageAndCheckEntityListing -->
        <test-method is-config="true" signature="closeBrowser()[pri:0, instance:UI_auto.DashboardPageTest@b7838a9]" started-at="2019-04-03T13:25:41Z" name="closeBrowser" finished-at="2019-04-03T13:25:41Z" duration-ms="72" status="PASS">
          <reporter-output>
          </reporter-output>
        </test-method> <!-- closeBrowser -->
      </class> <!-- UI_auto.DashboardPageTest -->
    </test> <!-- Default test -->
  </suite> <!-- Default suite -->
</testng-results>
